<?xml version="1.0" encoding="UTF-8"?>
<testsuite name="service.UserServiceTest" tests="2" skipped="0" failures="0" errors="0" timestamp="2023-08-03T13:29:28" hostname="ADMINN" time="0.377">
  <properties/>
  <testcase name="testFindByEmail()" classname="service.UserServiceTest" time="0.375"/>
  <testcase name="testCreateUser()" classname="service.UserServiceTest" time="0.002"/>
  <system-out><![CDATA[]]></system-out>
  <system-err><![CDATA[]]></system-err>
</testsuite>
